<?xml version="1.0" encoding="UTF-8"?>
<Site BuildName="(empty)"
	BuildStamp="20230723-2011-Experimental"
	Name="(empty)"
	Generator="ctest-3.27.0"
	CompilerName=""
	CompilerVersion=""
	OSName="Windows"
	Hostname="DESKTOP-QGDM2NL"
	OSRelease=" Professional"
	OSVersion=" (Build 18363)"
	OSPlatform="x86"
	Is64Bits="1"
	VendorString="GenuineIntel"
	VendorID="Intel Corporation"
	FamilyID="6"
	ModelID="14"
	ProcessorCacheSize="-1"
	NumberOfLogicalCPU="4"
	NumberOfPhysicalCPU="2"
	TotalVirtualMemory="11842"
	TotalPhysicalMemory="8088"
	LogicalProcessorsPerPhysical="2"
	ProcessorClockFrequency="2592"
	>
	<Testing>
		<StartDateTime>Jul 23 23:35 Paris, Madrid (heure d[NON-UTF-8-BYTE-0x92][NON-UTF-8-BYTE-0xE9]t[NON-UTF-8-BYTE-0xE9])</StartDateTime>
		<StartTestTime>1690148156</StartTestTime>
		<TestList/>
		<EndDateTime>Jul 23 23:35 Paris, Madrid (heure d[NON-UTF-8-BYTE-0x92][NON-UTF-8-BYTE-0xE9]t[NON-UTF-8-BYTE-0xE9])</EndDateTime>
		<EndTestTime>1690148156</EndTestTime>
		<ElapsedMinutes>0</ElapsedMinutes>
	</Testing>
</Site>
